<?xml version="1.0" encoding="UTF-8"?>
<!-- Generated by org.testng.reporters.JUnitXMLReporter -->
<testsuite ignored="0" hostname="DESKTOP-QH9G3VJ" failures="0" tests="4" name="Test" time="102.856" errors="0" timestamp="2021-04-30T18:40:52 IST">
  <testcase classname="Fabulate.Fabulate.CreateBrief" name="LoginasBuyer" time="15.289"/>
  <testcase classname="Fabulate.Fabulate.CreateBrief" name="CreateaBrief" time="47.125"/>
  <testcase classname="Fabulate.Fabulate.ApplyPitch" name="LoginasCreator" time="21.961"/>
  <testcase classname="Fabulate.Fabulate.ApplyPitch" name="ApplyaPitch" time="18.409"/>
</testsuite> <!-- Test -->
