<?xml version="1.0" encoding="UTF-8"?>
<testng-results ignored="0" total="4" passed="4" failed="0" skipped="0">
  <reporter-output>
  </reporter-output>
  <suite started-at="2021-04-30T18:39:10 IST" name="Suite" finished-at="2021-04-30T18:40:52 IST" duration-ms="102856">
    <groups>
    </groups>
    <test started-at="2021-04-30T18:39:10 IST" name="Test" finished-at="2021-04-30T18:40:52 IST" duration-ms="102856">
      <class name="Fabulate.Fabulate.ApplyPitch">
        <test-method signature="LoginasCreator()[pri:1, instance:Fabulate.Fabulate.ApplyPitch@36916eb0]" started-at="2021-04-30T18:40:12 IST" name="LoginasCreator" finished-at="2021-04-30T18:40:34 IST" duration-ms="21961" status="PASS">
          <reporter-output>
          </reporter-output>
        </test-method> <!-- LoginasCreator -->
        <test-method signature="ApplyaPitch()[pri:2, instance:Fabulate.Fabulate.ApplyPitch@36916eb0]" started-at="2021-04-30T18:40:34 IST" name="ApplyaPitch" finished-at="2021-04-30T18:40:52 IST" duration-ms="18409" status="PASS">
          <reporter-output>
          </reporter-output>
        </test-method> <!-- ApplyaPitch -->
      </class> <!-- Fabulate.Fabulate.ApplyPitch -->
      <class name="Fabulate.Fabulate.CreateBrief">
        <test-method signature="LoginasBuyer()[pri:1, instance:Fabulate.Fabulate.CreateBrief@21282ed8]" started-at="2021-04-30T18:39:10 IST" name="LoginasBuyer" finished-at="2021-04-30T18:39:25 IST" duration-ms="15289" status="PASS">
          <reporter-output>
          </reporter-output>
        </test-method> <!-- LoginasBuyer -->
        <test-method signature="CreateaBrief()[pri:2, instance:Fabulate.Fabulate.CreateBrief@21282ed8]" started-at="2021-04-30T18:39:25 IST" name="CreateaBrief" finished-at="2021-04-30T18:40:12 IST" duration-ms="47125" status="PASS">
          <reporter-output>
          </reporter-output>
        </test-method> <!-- CreateaBrief -->
      </class> <!-- Fabulate.Fabulate.CreateBrief -->
    </test> <!-- Test -->
  </suite> <!-- Suite -->
</testng-results>
